<?xml version="1.0" encoding="UTF-8"?>
<testng-results skipped="0" failed="0" ignored="0" total="2" passed="2">
  <reporter-output>
  </reporter-output>
  <suite name="Suite" duration-ms="34819" started-at="2021-04-22T19:50:34 IST" finished-at="2021-04-22T19:51:09 IST">
    <groups>
    </groups>
    <test name="Test" duration-ms="34819" started-at="2021-04-22T19:50:34 IST" finished-at="2021-04-22T19:51:09 IST">
      <class name="com.amazon.qa.testcases.LoginPageTest">
        <test-method status="PASS" signature="setUp()[pri:0, instance:com.amazon.qa.testcases.LoginPageTest@4d41cee]" name="setUp" is-config="true" duration-ms="13707" started-at="2021-04-22T19:50:35 IST" finished-at="2021-04-22T19:50:48 IST">
          <reporter-output>
          </reporter-output>
        </test-method> <!-- setUp -->
        <test-method status="PASS" signature="verifyLoginPageTitle()[pri:1, instance:com.amazon.qa.testcases.LoginPageTest@4d41cee]" name="verifyLoginPageTitle" duration-ms="516" started-at="2021-04-22T19:50:48 IST" finished-at="2021-04-22T19:50:49 IST">
          <reporter-output>
          </reporter-output>
        </test-method> <!-- verifyLoginPageTitle -->
        <test-method status="PASS" signature="tearDown()[pri:0, instance:com.amazon.qa.testcases.LoginPageTest@4d41cee]" name="tearDown" is-config="true" duration-ms="4108" started-at="2021-04-22T19:50:49 IST" finished-at="2021-04-22T19:50:53 IST">
          <reporter-output>
          </reporter-output>
        </test-method> <!-- tearDown -->
        <test-method status="PASS" signature="setUp()[pri:0, instance:com.amazon.qa.testcases.LoginPageTest@4d41cee]" name="setUp" is-config="true" duration-ms="10751" started-at="2021-04-22T19:50:53 IST" finished-at="2021-04-22T19:51:04 IST">
          <reporter-output>
          </reporter-output>
        </test-method> <!-- setUp -->
        <test-method status="PASS" signature="loginTest()[pri:2, instance:com.amazon.qa.testcases.LoginPageTest@4d41cee]" name="loginTest" duration-ms="5265" started-at="2021-04-22T19:51:04 IST" finished-at="2021-04-22T19:51:09 IST">
          <reporter-output>
          </reporter-output>
        </test-method> <!-- loginTest -->
        <test-method status="PASS" signature="tearDown()[pri:0, instance:com.amazon.qa.testcases.LoginPageTest@4d41cee]" name="tearDown" is-config="true" duration-ms="386" started-at="2021-04-22T19:51:09 IST" finished-at="2021-04-22T19:51:09 IST">
          <reporter-output>
          </reporter-output>
        </test-method> <!-- tearDown -->
      </class> <!-- com.amazon.qa.testcases.LoginPageTest -->
    </test> <!-- Test -->
  </suite> <!-- Suite -->
</testng-results>
