<?xml version="1.0" encoding="UTF-8"?>
<testng-results skipped="0" failed="0" ignored="0" total="2" passed="2">
  <reporter-output>
  </reporter-output>
  <suite name="Default suite" duration-ms="38221" started-at="2021-04-21T14:19:52 IST" finished-at="2021-04-21T14:20:30 IST">
    <groups>
    </groups>
    <test name="Default test" duration-ms="38221" started-at="2021-04-21T14:19:52 IST" finished-at="2021-04-21T14:20:30 IST">
      <class name="com.amazon.qa.testcases.LoginPageTest">
        <test-method status="PASS" signature="setUp()[pri:0, instance:com.amazon.qa.testcases.LoginPageTest@64729b1e]" name="setUp" is-config="true" duration-ms="13543" started-at="2021-04-21T14:19:52 IST" finished-at="2021-04-21T14:20:06 IST">
          <reporter-output>
          </reporter-output>
        </test-method> <!-- setUp -->
        <test-method status="PASS" signature="verifyLoginPageTitle()[pri:1, instance:com.amazon.qa.testcases.LoginPageTest@64729b1e]" name="verifyLoginPageTitle" duration-ms="369" started-at="2021-04-21T14:20:06 IST" finished-at="2021-04-21T14:20:06 IST">
          <reporter-output>
          </reporter-output>
        </test-method> <!-- verifyLoginPageTitle -->
        <test-method status="PASS" signature="tearDown()[pri:0, instance:com.amazon.qa.testcases.LoginPageTest@64729b1e]" name="tearDown" is-config="true" duration-ms="465" started-at="2021-04-21T14:20:06 IST" finished-at="2021-04-21T14:20:07 IST">
          <reporter-output>
          </reporter-output>
        </test-method> <!-- tearDown -->
        <test-method status="PASS" signature="setUp()[pri:0, instance:com.amazon.qa.testcases.LoginPageTest@64729b1e]" name="setUp" is-config="true" duration-ms="13297" started-at="2021-04-21T14:20:07 IST" finished-at="2021-04-21T14:20:20 IST">
          <reporter-output>
          </reporter-output>
        </test-method> <!-- setUp -->
        <test-method status="PASS" signature="loginTest()[pri:2, instance:com.amazon.qa.testcases.LoginPageTest@64729b1e]" name="loginTest" duration-ms="6036" started-at="2021-04-21T14:20:20 IST" finished-at="2021-04-21T14:20:26 IST">
          <reporter-output>
          </reporter-output>
        </test-method> <!-- loginTest -->
        <test-method status="PASS" signature="tearDown()[pri:0, instance:com.amazon.qa.testcases.LoginPageTest@64729b1e]" name="tearDown" is-config="true" duration-ms="4433" started-at="2021-04-21T14:20:26 IST" finished-at="2021-04-21T14:20:30 IST">
          <reporter-output>
          </reporter-output>
        </test-method> <!-- tearDown -->
      </class> <!-- com.amazon.qa.testcases.LoginPageTest -->
    </test> <!-- Default test -->
  </suite> <!-- Default suite -->
</testng-results>
